{"C:\\Users\\luong\\src\\Memo\\backend\\src\\controllers\\conversationController.js": {"path":"C:\\Users\\luong\\src\\Memo\\backend\\src\\controllers\\conversationController.js","statementMap":{"0":{"start":{"line":4,"column":34},"end":{"line":101,"column":1}},"1":{"start":{"line":5,"column":4},"end":{"line":100,"column":5}},"2":{"start":{"line":6,"column":42},"end":{"line":6,"column":50}},"3":{"start":{"line":7,"column":23},"end":{"line":7,"column":35}},"4":{"start":{"line":9,"column":8},"end":{"line":19,"column":9}},"5":{"start":{"line":16,"column":12},"end":{"line":18,"column":83}},"6":{"start":{"line":23,"column":8},"end":{"line":40,"column":9}},"7":{"start":{"line":24,"column":34},"end":{"line":24,"column":46}},"8":{"start":{"line":26,"column":12},"end":{"line":29,"column":15}},"9":{"start":{"line":31,"column":12},"end":{"line":39,"column":13}},"10":{"start":{"line":32,"column":16},"end":{"line":36,"column":19}},"11":{"start":{"line":38,"column":16},"end":{"line":38,"column":42}},"12":{"start":{"line":42,"column":8},"end":{"line":54,"column":9}},"13":{"start":{"line":43,"column":12},"end":{"line":51,"column":15}},"14":{"start":{"line":45,"column":69},"end":{"line":45,"column":83}},"15":{"start":{"line":53,"column":12},"end":{"line":53,"column":38}},"16":{"start":{"line":56,"column":8},"end":{"line":58,"column":9}},"17":{"start":{"line":57,"column":12},"end":{"line":57,"column":87}},"18":{"start":{"line":60,"column":8},"end":{"line":67,"column":11}},"19":{"start":{"line":69,"column":29},"end":{"line":74,"column":11}},"20":{"start":{"line":69,"column":75},"end":{"line":74,"column":9}},"21":{"start":{"line":76,"column":26},"end":{"line":76,"column":70}},"22":{"start":{"line":78,"column":8},"end":{"line":82,"column":9}},"23":{"start":{"line":79,"column":12},"end":{"line":81,"column":14}},"24":{"start":{"line":80,"column":16},"end":{"line":80,"column":58}},"25":{"start":{"line":84,"column":8},"end":{"line":86,"column":11}},"26":{"start":{"line":85,"column":12},"end":{"line":85,"column":95}},"27":{"start":{"line":89,"column":8},"end":{"line":91,"column":11}},"28":{"start":{"line":90,"column":12},"end":{"line":90,"column":93}},"29":{"start":{"line":93,"column":8},"end":{"line":93,"column":65}},"30":{"start":{"line":94,"column":8},"end":{"line":94,"column":64}},"31":{"start":{"line":98,"column":8},"end":{"line":98,"column":57}},"32":{"start":{"line":99,"column":8},"end":{"line":99,"column":65}},"33":{"start":{"line":102,"column":32},"end":{"line":141,"column":1}},"34":{"start":{"line":103,"column":4},"end":{"line":140,"column":5}},"35":{"start":{"line":104,"column":23},"end":{"line":104,"column":35}},"36":{"start":{"line":105,"column":30},"end":{"line":120,"column":14}},"37":{"start":{"line":121,"column":25},"end":{"line":135,"column":10}},"38":{"start":{"line":122,"column":33},"end":{"line":127,"column":15}},"39":{"start":{"line":122,"column":72},"end":{"line":127,"column":13}},"40":{"start":{"line":129,"column":12},"end":{"line":134,"column":13}},"41":{"start":{"line":136,"column":8},"end":{"line":136,"column":65}},"42":{"start":{"line":138,"column":8},"end":{"line":138,"column":55}},"43":{"start":{"line":139,"column":8},"end":{"line":139,"column":64}},"44":{"start":{"line":142,"column":27},"end":{"line":171,"column":1}},"45":{"start":{"line":144,"column":4},"end":{"line":168,"column":5}},"46":{"start":{"line":145,"column":35},"end":{"line":145,"column":45}},"47":{"start":{"line":146,"column":39},"end":{"line":146,"column":48}},"48":{"start":{"line":147,"column":22},"end":{"line":147,"column":40}},"49":{"start":{"line":149,"column":8},"end":{"line":151,"column":9}},"50":{"start":{"line":150,"column":12},"end":{"line":150,"column":56}},"51":{"start":{"line":152,"column":23},"end":{"line":154,"column":37}},"52":{"start":{"line":156,"column":25},"end":{"line":156,"column":29}},"53":{"start":{"line":157,"column":8},"end":{"line":161,"column":9}},"54":{"start":{"line":158,"column":33},"end":{"line":158,"column":62}},"55":{"start":{"line":159,"column":12},"end":{"line":159,"column":62}},"56":{"start":{"line":160,"column":12},"end":{"line":160,"column":27}},"57":{"start":{"line":162,"column":8},"end":{"line":162,"column":38}},"58":{"start":{"line":163,"column":8},"end":{"line":163,"column":54}},"59":{"start":{"line":166,"column":8},"end":{"line":166,"column":52}},"60":{"start":{"line":167,"column":8},"end":{"line":167,"column":58}},"61":{"start":{"line":173,"column":47},"end":{"line":185,"column":1}},"62":{"start":{"line":174,"column":4},"end":{"line":184,"column":5}},"63":{"start":{"line":175,"column":30},"end":{"line":178,"column":9}},"64":{"start":{"line":180,"column":8},"end":{"line":180,"column":58}},"65":{"start":{"line":180,"column":40},"end":{"line":180,"column":56}},"66":{"start":{"line":182,"column":8},"end":{"line":182,"column":63}},"67":{"start":{"line":183,"column":8},"end":{"line":183,"column":18}},"68":{"start":{"line":187,"column":26},"end":{"line":243,"column":1}},"69":{"start":{"line":188,"column":4},"end":{"line":242,"column":5}},"70":{"start":{"line":189,"column":35},"end":{"line":189,"column":45}},"71":{"start":{"line":190,"column":23},"end":{"line":190,"column":35}},"72":{"start":{"line":192,"column":29},"end":{"line":192,"column":79}},"73":{"start":{"line":194,"column":8},"end":{"line":196,"column":9}},"74":{"start":{"line":195,"column":12},"end":{"line":195,"column":83}},"75":{"start":{"line":198,"column":21},"end":{"line":198,"column":45}},"76":{"start":{"line":200,"column":8},"end":{"line":202,"column":9}},"77":{"start":{"line":201,"column":12},"end":{"line":201,"column":78}},"78":{"start":{"line":204,"column":8},"end":{"line":206,"column":9}},"79":{"start":{"line":205,"column":12},"end":{"line":205,"column":76}},"80":{"start":{"line":208,"column":24},"end":{"line":215,"column":16}},"81":{"start":{"line":217,"column":28},"end":{"line":217,"column":48}},"82":{"start":{"line":219,"column":8},"end":{"line":231,"column":11}},"83":{"start":{"line":233,"column":8},"end":{"line":237,"column":11}},"84":{"start":{"line":240,"column":8},"end":{"line":240,"column":57}},"85":{"start":{"line":241,"column":8},"end":{"line":241,"column":65}},"86":{"start":{"line":245,"column":34},"end":{"line":267,"column":1}},"87":{"start":{"line":246,"column":4},"end":{"line":266,"column":5}},"88":{"start":{"line":247,"column":35},"end":{"line":247,"column":45}},"89":{"start":{"line":248,"column":29},"end":{"line":248,"column":72}},"90":{"start":{"line":250,"column":8},"end":{"line":252,"column":9}},"91":{"start":{"line":251,"column":12},"end":{"line":251,"column":83}},"92":{"start":{"line":254,"column":8},"end":{"line":254,"column":53}},"93":{"start":{"line":255,"column":8},"end":{"line":255,"column":61}},"94":{"start":{"line":258,"column":8},"end":{"line":260,"column":11}},"95":{"start":{"line":259,"column":12},"end":{"line":259,"column":88}},"96":{"start":{"line":262,"column":8},"end":{"line":262,"column":77}},"97":{"start":{"line":264,"column":8},"end":{"line":264,"column":58}},"98":{"start":{"line":265,"column":8},"end":{"line":265,"column":65}},"99":{"start":{"line":269,"column":29},"end":{"line":318,"column":1}},"100":{"start":{"line":270,"column":4},"end":{"line":317,"column":5}},"101":{"start":{"line":271,"column":35},"end":{"line":271,"column":45}},"102":{"start":{"line":272,"column":30},"end":{"line":272,"column":38}},"103":{"start":{"line":273,"column":23},"end":{"line":273,"column":35}},"104":{"start":{"line":274,"column":29},"end":{"line":274,"column":72}},"105":{"start":{"line":275,"column":8},"end":{"line":277,"column":9}},"106":{"start":{"line":276,"column":12},"end":{"line":276,"column":83}},"107":{"start":{"line":278,"column":8},"end":{"line":280,"column":9}},"108":{"start":{"line":279,"column":12},"end":{"line":279,"column":112}},"109":{"start":{"line":282,"column":32},"end":{"line":284,"column":42}},"110":{"start":{"line":283,"column":28},"end":{"line":283,"column":94}},"111":{"start":{"line":283,"column":67},"end":{"line":283,"column":93}},"112":{"start":{"line":284,"column":26},"end":{"line":284,"column":40}},"113":{"start":{"line":286,"column":8},"end":{"line":286,"column":59}},"114":{"start":{"line":287,"column":8},"end":{"line":287,"column":34}},"115":{"start":{"line":290,"column":34},"end":{"line":290,"column":91}},"116":{"start":{"line":290,"column":71},"end":{"line":290,"column":90}},"117":{"start":{"line":292,"column":26},"end":{"line":293,"column":78}},"118":{"start":{"line":295,"column":26},"end":{"line":304,"column":9}},"119":{"start":{"line":297,"column":61},"end":{"line":303,"column":13}},"120":{"start":{"line":306,"column":8},"end":{"line":312,"column":10}},"121":{"start":{"line":307,"column":12},"end":{"line":310,"column":15}},"122":{"start":{"line":309,"column":55},"end":{"line":309,"column":63}},"123":{"start":{"line":313,"column":8},"end":{"line":313,"column":83}},"124":{"start":{"line":315,"column":8},"end":{"line":315,"column":65}},"125":{"start":{"line":316,"column":8},"end":{"line":316,"column":65}},"126":{"start":{"line":320,"column":26},"end":{"line":364,"column":1}},"127":{"start":{"line":321,"column":4},"end":{"line":363,"column":5}},"128":{"start":{"line":322,"column":35},"end":{"line":322,"column":45}},"129":{"start":{"line":323,"column":23},"end":{"line":323,"column":35}},"130":{"start":{"line":324,"column":29},"end":{"line":324,"column":72}},"131":{"start":{"line":326,"column":8},"end":{"line":328,"column":9}},"132":{"start":{"line":327,"column":12},"end":{"line":327,"column":83}},"133":{"start":{"line":330,"column":8},"end":{"line":332,"column":9}},"134":{"start":{"line":331,"column":12},"end":{"line":331,"column":106}},"135":{"start":{"line":334,"column":8},"end":{"line":336,"column":10}},"136":{"start":{"line":335,"column":19},"end":{"line":335,"column":60}},"137":{"start":{"line":337,"column":8},"end":{"line":339,"column":10}},"138":{"start":{"line":338,"column":20},"end":{"line":338,"column":55}},"139":{"start":{"line":340,"column":8},"end":{"line":342,"column":9}},"140":{"start":{"line":341,"column":12},"end":{"line":341,"column":64}},"141":{"start":{"line":345,"column":8},"end":{"line":350,"column":9}},"142":{"start":{"line":346,"column":12},"end":{"line":346,"column":57}},"143":{"start":{"line":347,"column":12},"end":{"line":347,"column":65}},"144":{"start":{"line":348,"column":12},"end":{"line":348,"column":86}},"145":{"start":{"line":349,"column":12},"end":{"line":349,"column":92}},"146":{"start":{"line":352,"column":8},"end":{"line":352,"column":34}},"147":{"start":{"line":354,"column":8},"end":{"line":354,"column":80}},"148":{"start":{"line":355,"column":8},"end":{"line":357,"column":11}},"149":{"start":{"line":356,"column":12},"end":{"line":356,"column":86}},"150":{"start":{"line":359,"column":8},"end":{"line":359,"column":64}},"151":{"start":{"line":361,"column":8},"end":{"line":361,"column":50}},"152":{"start":{"line":362,"column":8},"end":{"line":362,"column":65}}},"fnMap":{"0":{"name":"(anonymous_0)","decl":{"start":{"line":4,"column":34},"end":{"line":4,"column":35}},"loc":{"start":{"line":4,"column":54},"end":{"line":101,"column":1}},"line":4},"1":{"name":"(anonymous_1)","decl":{"start":{"line":45,"column":60},"end":{"line":45,"column":61}},"loc":{"start":{"line":45,"column":69},"end":{"line":45,"column":83}},"line":45},"2":{"name":"(anonymous_2)","decl":{"start":{"line":69,"column":67},"end":{"line":69,"column":68}},"loc":{"start":{"line":69,"column":75},"end":{"line":74,"column":9}},"line":69},"3":{"name":"(anonymous_3)","decl":{"start":{"line":79,"column":30},"end":{"line":79,"column":31}},"loc":{"start":{"line":79,"column":42},"end":{"line":81,"column":13}},"line":79},"4":{"name":"(anonymous_4)","decl":{"start":{"line":84,"column":42},"end":{"line":84,"column":43}},"loc":{"start":{"line":84,"column":49},"end":{"line":86,"column":9}},"line":84},"5":{"name":"(anonymous_5)","decl":{"start":{"line":89,"column":26},"end":{"line":89,"column":27}},"loc":{"start":{"line":89,"column":40},"end":{"line":91,"column":9}},"line":89},"6":{"name":"(anonymous_6)","decl":{"start":{"line":102,"column":32},"end":{"line":102,"column":33}},"loc":{"start":{"line":102,"column":52},"end":{"line":141,"column":1}},"line":102},"7":{"name":"(anonymous_7)","decl":{"start":{"line":121,"column":43},"end":{"line":121,"column":44}},"loc":{"start":{"line":121,"column":54},"end":{"line":135,"column":9}},"line":121},"8":{"name":"(anonymous_8)","decl":{"start":{"line":122,"column":64},"end":{"line":122,"column":65}},"loc":{"start":{"line":122,"column":72},"end":{"line":127,"column":13}},"line":122},"9":{"name":"(anonymous_9)","decl":{"start":{"line":142,"column":27},"end":{"line":142,"column":28}},"loc":{"start":{"line":142,"column":47},"end":{"line":171,"column":1}},"line":142},"10":{"name":"(anonymous_10)","decl":{"start":{"line":173,"column":47},"end":{"line":173,"column":48}},"loc":{"start":{"line":173,"column":65},"end":{"line":185,"column":1}},"line":173},"11":{"name":"(anonymous_11)","decl":{"start":{"line":180,"column":33},"end":{"line":180,"column":34}},"loc":{"start":{"line":180,"column":40},"end":{"line":180,"column":56}},"line":180},"12":{"name":"(anonymous_12)","decl":{"start":{"line":187,"column":26},"end":{"line":187,"column":27}},"loc":{"start":{"line":187,"column":46},"end":{"line":243,"column":1}},"line":187},"13":{"name":"(anonymous_13)","decl":{"start":{"line":245,"column":34},"end":{"line":245,"column":35}},"loc":{"start":{"line":245,"column":54},"end":{"line":267,"column":1}},"line":245},"14":{"name":"(anonymous_14)","decl":{"start":{"line":258,"column":42},"end":{"line":258,"column":43}},"loc":{"start":{"line":258,"column":49},"end":{"line":260,"column":9}},"line":258},"15":{"name":"(anonymous_15)","decl":{"start":{"line":269,"column":29},"end":{"line":269,"column":30}},"loc":{"start":{"line":269,"column":49},"end":{"line":318,"column":1}},"line":269},"16":{"name":"(anonymous_16)","decl":{"start":{"line":283,"column":20},"end":{"line":283,"column":21}},"loc":{"start":{"line":283,"column":28},"end":{"line":283,"column":94}},"line":283},"17":{"name":"(anonymous_17)","decl":{"start":{"line":283,"column":60},"end":{"line":283,"column":61}},"loc":{"start":{"line":283,"column":67},"end":{"line":283,"column":93}},"line":283},"18":{"name":"(anonymous_18)","decl":{"start":{"line":284,"column":17},"end":{"line":284,"column":18}},"loc":{"start":{"line":284,"column":26},"end":{"line":284,"column":40}},"line":284},"19":{"name":"(anonymous_19)","decl":{"start":{"line":290,"column":64},"end":{"line":290,"column":65}},"loc":{"start":{"line":290,"column":71},"end":{"line":290,"column":90}},"line":290},"20":{"name":"(anonymous_20)","decl":{"start":{"line":297,"column":53},"end":{"line":297,"column":54}},"loc":{"start":{"line":297,"column":61},"end":{"line":303,"column":13}},"line":297},"21":{"name":"(anonymous_21)","decl":{"start":{"line":306,"column":34},"end":{"line":306,"column":35}},"loc":{"start":{"line":306,"column":42},"end":{"line":311,"column":9}},"line":306},"22":{"name":"(anonymous_22)","decl":{"start":{"line":309,"column":48},"end":{"line":309,"column":49}},"loc":{"start":{"line":309,"column":55},"end":{"line":309,"column":63}},"line":309},"23":{"name":"(anonymous_23)","decl":{"start":{"line":320,"column":26},"end":{"line":320,"column":27}},"loc":{"start":{"line":320,"column":46},"end":{"line":364,"column":1}},"line":320},"24":{"name":"(anonymous_24)","decl":{"start":{"line":335,"column":12},"end":{"line":335,"column":13}},"loc":{"start":{"line":335,"column":19},"end":{"line":335,"column":60}},"line":335},"25":{"name":"(anonymous_25)","decl":{"start":{"line":338,"column":12},"end":{"line":338,"column":13}},"loc":{"start":{"line":338,"column":20},"end":{"line":338,"column":55}},"line":338},"26":{"name":"(anonymous_26)","decl":{"start":{"line":355,"column":42},"end":{"line":355,"column":43}},"loc":{"start":{"line":355,"column":49},"end":{"line":357,"column":9}},"line":355}},"branchMap":{"0":{"loc":{"start":{"line":9,"column":8},"end":{"line":19,"column":9}},"type":"if","locations":[{"start":{"line":9,"column":8},"end":{"line":19,"column":9}},{"start":{},"end":{}}],"line":9},"1":{"loc":{"start":{"line":10,"column":12},"end":{"line":14,"column":34}},"type":"binary-expr","locations":[{"start":{"line":10,"column":12},"end":{"line":10,"column":17}},{"start":{"line":11,"column":13},"end":{"line":11,"column":29}},{"start":{"line":11,"column":33},"end":{"line":11,"column":38}},{"start":{"line":12,"column":12},"end":{"line":12,"column":22}},{"start":{"line":13,"column":12},"end":{"line":13,"column":37}},{"start":{"line":14,"column":12},"end":{"line":14,"column":34}}],"line":10},"2":{"loc":{"start":{"line":23,"column":8},"end":{"line":40,"column":9}},"type":"if","locations":[{"start":{"line":23,"column":8},"end":{"line":40,"column":9}},{"start":{},"end":{}}],"line":23},"3":{"loc":{"start":{"line":31,"column":12},"end":{"line":39,"column":13}},"type":"if","locations":[{"start":{"line":31,"column":12},"end":{"line":39,"column":13}},{"start":{},"end":{}}],"line":31},"4":{"loc":{"start":{"line":42,"column":8},"end":{"line":54,"column":9}},"type":"if","locations":[{"start":{"line":42,"column":8},"end":{"line":54,"column":9}},{"start":{},"end":{}}],"line":42},"5":{"loc":{"start":{"line":56,"column":8},"end":{"line":58,"column":9}},"type":"if","locations":[{"start":{"line":56,"column":8},"end":{"line":58,"column":9}},{"start":{},"end":{}}],"line":56},"6":{"loc":{"start":{"line":69,"column":30},"end":{"line":69,"column":61}},"type":"binary-expr","locations":[{"start":{"line":69,"column":30},"end":{"line":69,"column":55}},{"start":{"line":69,"column":59},"end":{"line":69,"column":61}}],"line":69},"7":{"loc":{"start":{"line":72,"column":23},"end":{"line":72,"column":50}},"type":"binary-expr","locations":[{"start":{"line":72,"column":23},"end":{"line":72,"column":42}},{"start":{"line":72,"column":46},"end":{"line":72,"column":50}}],"line":72},"8":{"loc":{"start":{"line":78,"column":8},"end":{"line":82,"column":9}},"type":"if","locations":[{"start":{"line":78,"column":8},"end":{"line":82,"column":9}},{"start":{},"end":{}}],"line":78},"9":{"loc":{"start":{"line":122,"column":34},"end":{"line":122,"column":58}},"type":"binary-expr","locations":[{"start":{"line":122,"column":34},"end":{"line":122,"column":52}},{"start":{"line":122,"column":56},"end":{"line":122,"column":58}}],"line":122},"10":{"loc":{"start":{"line":125,"column":27},"end":{"line":125,"column":54}},"type":"binary-expr","locations":[{"start":{"line":125,"column":27},"end":{"line":125,"column":46}},{"start":{"line":125,"column":50},"end":{"line":125,"column":54}}],"line":125},"11":{"loc":{"start":{"line":131,"column":30},"end":{"line":131,"column":54}},"type":"binary-expr","locations":[{"start":{"line":131,"column":30},"end":{"line":131,"column":48}},{"start":{"line":131,"column":52},"end":{"line":131,"column":54}}],"line":131},"12":{"loc":{"start":{"line":146,"column":16},"end":{"line":146,"column":26}},"type":"default-arg","locations":[{"start":{"line":146,"column":24},"end":{"line":146,"column":26}}],"line":146},"13":{"loc":{"start":{"line":149,"column":8},"end":{"line":151,"column":9}},"type":"if","locations":[{"start":{"line":149,"column":8},"end":{"line":151,"column":9}},{"start":{},"end":{}}],"line":149},"14":{"loc":{"start":{"line":157,"column":8},"end":{"line":161,"column":9}},"type":"if","locations":[{"start":{"line":157,"column":8},"end":{"line":161,"column":9}},{"start":{},"end":{}}],"line":157},"15":{"loc":{"start":{"line":194,"column":8},"end":{"line":196,"column":9}},"type":"if","locations":[{"start":{"line":194,"column":8},"end":{"line":196,"column":9}},{"start":{},"end":{}}],"line":194},"16":{"loc":{"start":{"line":200,"column":8},"end":{"line":202,"column":9}},"type":"if","locations":[{"start":{"line":200,"column":8},"end":{"line":202,"column":9}},{"start":{},"end":{}}],"line":200},"17":{"loc":{"start":{"line":204,"column":8},"end":{"line":206,"column":9}},"type":"if","locations":[{"start":{"line":204,"column":8},"end":{"line":206,"column":9}},{"start":{},"end":{}}],"line":204},"18":{"loc":{"start":{"line":221,"column":25},"end":{"line":230,"column":22}},"type":"cond-expr","locations":[{"start":{"line":222,"column":18},"end":{"line":229,"column":17}},{"start":{"line":230,"column":18},"end":{"line":230,"column":22}}],"line":221},"19":{"loc":{"start":{"line":235,"column":20},"end":{"line":235,"column":41}},"type":"binary-expr","locations":[{"start":{"line":235,"column":20},"end":{"line":235,"column":35}},{"start":{"line":235,"column":39},"end":{"line":235,"column":41}}],"line":235},"20":{"loc":{"start":{"line":236,"column":27},"end":{"line":236,"column":61}},"type":"binary-expr","locations":[{"start":{"line":236,"column":27},"end":{"line":236,"column":56}},{"start":{"line":236,"column":60},"end":{"line":236,"column":61}}],"line":236},"21":{"loc":{"start":{"line":250,"column":8},"end":{"line":252,"column":9}},"type":"if","locations":[{"start":{"line":250,"column":8},"end":{"line":252,"column":9}},{"start":{},"end":{}}],"line":250},"22":{"loc":{"start":{"line":275,"column":8},"end":{"line":277,"column":9}},"type":"if","locations":[{"start":{"line":275,"column":8},"end":{"line":277,"column":9}},{"start":{},"end":{}}],"line":275},"23":{"loc":{"start":{"line":278,"column":8},"end":{"line":280,"column":9}},"type":"if","locations":[{"start":{"line":278,"column":8},"end":{"line":280,"column":9}},{"start":{},"end":{}}],"line":278},"24":{"loc":{"start":{"line":326,"column":8},"end":{"line":328,"column":9}},"type":"if","locations":[{"start":{"line":326,"column":8},"end":{"line":328,"column":9}},{"start":{},"end":{}}],"line":326},"25":{"loc":{"start":{"line":330,"column":8},"end":{"line":332,"column":9}},"type":"if","locations":[{"start":{"line":330,"column":8},"end":{"line":332,"column":9}},{"start":{},"end":{}}],"line":330},"26":{"loc":{"start":{"line":340,"column":8},"end":{"line":342,"column":9}},"type":"if","locations":[{"start":{"line":340,"column":8},"end":{"line":342,"column":9}},{"start":{},"end":{}}],"line":340},"27":{"loc":{"start":{"line":345,"column":8},"end":{"line":350,"column":9}},"type":"if","locations":[{"start":{"line":345,"column":8},"end":{"line":350,"column":9}},{"start":{},"end":{}}],"line":345}},"s":{"0":1,"1":0,"2":0,"3":0,"4":0,"5":0,"6":0,"7":0,"8":0,"9":0,"10":0,"11":0,"12":0,"13":0,"14":0,"15":0,"16":0,"17":0,"18":0,"19":0,"20":0,"21":0,"22":0,"23":0,"24":0,"25":0,"26":0,"27":0,"28":0,"29":0,"30":0,"31":0,"32":0,"33":1,"34":0,"35":0,"36":0,"37":0,"38":0,"39":0,"40":0,"41":0,"42":0,"43":0,"44":1,"45":0,"46":0,"47":0,"48":0,"49":0,"50":0,"51":0,"52":0,"53":0,"54":0,"55":0,"56":0,"57":0,"58":0,"59":0,"60":0,"61":1,"62":0,"63":0,"64":0,"65":0,"66":0,"67":0,"68":1,"69":0,"70":0,"71":0,"72":0,"73":0,"74":0,"75":0,"76":0,"77":0,"78":0,"79":0,"80":0,"81":0,"82":0,"83":0,"84":0,"85":0,"86":1,"87":0,"88":0,"89":0,"90":0,"91":0,"92":0,"93":0,"94":0,"95":0,"96":0,"97":0,"98":0,"99":1,"100":0,"101":0,"102":0,"103":0,"104":0,"105":0,"106":0,"107":0,"108":0,"109":0,"110":0,"111":0,"112":0,"113":0,"114":0,"115":0,"116":0,"117":0,"118":0,"119":0,"120":0,"121":0,"122":0,"123":0,"124":0,"125":0,"126":1,"127":0,"128":0,"129":0,"130":0,"131":0,"132":0,"133":0,"134":0,"135":0,"136":0,"137":0,"138":0,"139":0,"140":0,"141":0,"142":0,"143":0,"144":0,"145":0,"146":0,"147":0,"148":0,"149":0,"150":0,"151":0,"152":0},"f":{"0":0,"1":0,"2":0,"3":0,"4":0,"5":0,"6":0,"7":0,"8":0,"9":0,"10":0,"11":0,"12":0,"13":0,"14":0,"15":0,"16":0,"17":0,"18":0,"19":0,"20":0,"21":0,"22":0,"23":0,"24":0,"25":0,"26":0},"b":{"0":[0,0],"1":[0,0,0,0,0,0],"2":[0,0],"3":[0,0],"4":[0,0],"5":[0,0],"6":[0,0],"7":[0,0],"8":[0,0],"9":[0,0],"10":[0,0],"11":[0,0],"12":[0],"13":[0,0],"14":[0,0],"15":[0,0],"16":[0,0],"17":[0,0],"18":[0,0],"19":[0,0],"20":[0,0],"21":[0,0],"22":[0,0],"23":[0,0],"24":[0,0],"25":[0,0],"26":[0,0],"27":[0,0]},"_coverageSchema":"1a1c01bbd47fc00a2c39e90264f33305004495a9","hash":"66abe0675d02d76f3f42207c3abe91daa2f1bfd8"}
,"C:\\Users\\luong\\src\\Memo\\backend\\src\\middleware\\socketMiddleware.js": {"path":"C:\\Users\\luong\\src\\Memo\\backend\\src\\middleware\\socketMiddleware.js","statementMap":{"0":{"start":{"line":4,"column":36},"end":{"line":29,"column":1}},"1":{"start":{"line":5,"column":4},"end":{"line":28,"column":5}},"2":{"start":{"line":6,"column":22},"end":{"line":6,"column":50}},"3":{"start":{"line":7,"column":8},"end":{"line":9,"column":9}},"4":{"start":{"line":8,"column":12},"end":{"line":8,"column":73}},"5":{"start":{"line":11,"column":24},"end":{"line":11,"column":74}},"6":{"start":{"line":12,"column":8},"end":{"line":14,"column":9}},"7":{"start":{"line":13,"column":12},"end":{"line":13,"column":88}},"8":{"start":{"line":16,"column":21},"end":{"line":16,"column":82}},"9":{"start":{"line":18,"column":8},"end":{"line":20,"column":9}},"10":{"start":{"line":19,"column":12},"end":{"line":19,"column":57}},"11":{"start":{"line":22,"column":8},"end":{"line":22,"column":27}},"12":{"start":{"line":24,"column":8},"end":{"line":24,"column":15}},"13":{"start":{"line":26,"column":8},"end":{"line":26,"column":74}},"14":{"start":{"line":27,"column":8},"end":{"line":27,"column":40}}},"fnMap":{"0":{"name":"(anonymous_0)","decl":{"start":{"line":4,"column":36},"end":{"line":4,"column":37}},"loc":{"start":{"line":4,"column":60},"end":{"line":29,"column":1}},"line":4}},"branchMap":{"0":{"loc":{"start":{"line":7,"column":8},"end":{"line":9,"column":9}},"type":"if","locations":[{"start":{"line":7,"column":8},"end":{"line":9,"column":9}},{"start":{},"end":{}}],"line":7},"1":{"loc":{"start":{"line":12,"column":8},"end":{"line":14,"column":9}},"type":"if","locations":[{"start":{"line":12,"column":8},"end":{"line":14,"column":9}},{"start":{},"end":{}}],"line":12},"2":{"loc":{"start":{"line":18,"column":8},"end":{"line":20,"column":9}},"type":"if","locations":[{"start":{"line":18,"column":8},"end":{"line":20,"column":9}},{"start":{},"end":{}}],"line":18}},"s":{"0":1,"1":0,"2":0,"3":0,"4":0,"5":0,"6":0,"7":0,"8":0,"9":0,"10":0,"11":0,"12":0,"13":0,"14":0},"f":{"0":0},"b":{"0":[0,0],"1":[0,0],"2":[0,0]},"_coverageSchema":"1a1c01bbd47fc00a2c39e90264f33305004495a9","hash":"e186e4427b2deb01bd6ebc01534fb13db23c5571"}
,"C:\\Users\\luong\\src\\Memo\\backend\\src\\models\\Conversation.js": {"path":"C:\\Users\\luong\\src\\Memo\\backend\\src\\models\\Conversation.js","statementMap":{"0":{"start":{"line":3,"column":26},"end":{"line":18,"column":1}},"1":{"start":{"line":20,"column":20},"end":{"line":34,"column":1}},"2":{"start":{"line":36,"column":26},"end":{"line":55,"column":1}},"3":{"start":{"line":57,"column":27},"end":{"line":93,"column":1}},"4":{"start":{"line":95,"column":0},"end":{"line":98,"column":3}},"5":{"start":{"line":100,"column":21},"end":{"line":100,"column":71}}},"fnMap":{},"branchMap":{},"s":{"0":1,"1":1,"2":1,"3":1,"4":1,"5":1},"f":{},"b":{},"_coverageSchema":"1a1c01bbd47fc00a2c39e90264f33305004495a9","hash":"0cae7ee04e695492c8a3a8fbd109dfdc3b905447"}
,"C:\\Users\\luong\\src\\Memo\\backend\\src\\models\\Message.js": {"path":"C:\\Users\\luong\\src\\Memo\\backend\\src\\models\\Message.js","statementMap":{"0":{"start":{"line":3,"column":22},"end":{"line":29,"column":1}},"1":{"start":{"line":31,"column":0},"end":{"line":31,"column":56}},"2":{"start":{"line":33,"column":16},"end":{"line":33,"column":56}}},"fnMap":{},"branchMap":{},"s":{"0":1,"1":1,"2":1},"f":{},"b":{},"_coverageSchema":"1a1c01bbd47fc00a2c39e90264f33305004495a9","hash":"1be920964e760b63a06693491ac22540dc36e2bb"}
,"C:\\Users\\luong\\src\\Memo\\backend\\src\\models\\User.js": {"path":"C:\\Users\\luong\\src\\Memo\\backend\\src\\models\\User.js","statementMap":{"0":{"start":{"line":3,"column":19},"end":{"line":45,"column":2}},"1":{"start":{"line":47,"column":13},"end":{"line":47,"column":47}}},"fnMap":{},"branchMap":{},"s":{"0":1,"1":1},"f":{},"b":{},"_coverageSchema":"1a1c01bbd47fc00a2c39e90264f33305004495a9","hash":"b310e824fbba6db60ff36d870e5b5b9bc6335e4a"}
,"C:\\Users\\luong\\src\\Memo\\backend\\src\\socket\\index.js": {"path":"C:\\Users\\luong\\src\\Memo\\backend\\src\\socket\\index.js","statementMap":{"0":{"start":{"line":7,"column":12},"end":{"line":7,"column":21}},"1":{"start":{"line":9,"column":15},"end":{"line":9,"column":37}},"2":{"start":{"line":11,"column":11},"end":{"line":16,"column":2}},"3":{"start":{"line":17,"column":0},"end":{"line":17,"column":29}},"4":{"start":{"line":19,"column":20},"end":{"line":19,"column":29}},"5":{"start":{"line":21,"column":0},"end":{"line":47,"column":3}},"6":{"start":{"line":22,"column":17},"end":{"line":22,"column":28}},"7":{"start":{"line":23,"column":4},"end":{"line":23,"column":41}},"8":{"start":{"line":25,"column":4},"end":{"line":25,"column":60}},"9":{"start":{"line":27,"column":28},"end":{"line":27,"column":75}},"10":{"start":{"line":29,"column":4},"end":{"line":31,"column":7}},"11":{"start":{"line":30,"column":8},"end":{"line":30,"column":24}},"12":{"start":{"line":33,"column":4},"end":{"line":35,"column":7}},"13":{"start":{"line":34,"column":8},"end":{"line":34,"column":36}},"14":{"start":{"line":36,"column":4},"end":{"line":36,"column":36}},"15":{"start":{"line":38,"column":4},"end":{"line":40,"column":7}},"16":{"start":{"line":39,"column":8},"end":{"line":39,"column":37}},"17":{"start":{"line":42,"column":4},"end":{"line":46,"column":7}},"18":{"start":{"line":43,"column":8},"end":{"line":43,"column":37}},"19":{"start":{"line":44,"column":8},"end":{"line":44,"column":63}}},"fnMap":{"0":{"name":"(anonymous_0)","decl":{"start":{"line":21,"column":20},"end":{"line":21,"column":21}},"loc":{"start":{"line":21,"column":38},"end":{"line":47,"column":1}},"line":21},"1":{"name":"(anonymous_1)","decl":{"start":{"line":29,"column":28},"end":{"line":29,"column":29}},"loc":{"start":{"line":29,"column":36},"end":{"line":31,"column":5}},"line":29},"2":{"name":"(anonymous_2)","decl":{"start":{"line":33,"column":35},"end":{"line":33,"column":36}},"loc":{"start":{"line":33,"column":55},"end":{"line":35,"column":5}},"line":33},"3":{"name":"(anonymous_3)","decl":{"start":{"line":38,"column":36},"end":{"line":38,"column":37}},"loc":{"start":{"line":38,"column":56},"end":{"line":40,"column":5}},"line":38},"4":{"name":"(anonymous_4)","decl":{"start":{"line":42,"column":28},"end":{"line":42,"column":29}},"loc":{"start":{"line":42,"column":34},"end":{"line":46,"column":5}},"line":42}},"branchMap":{},"s":{"0":1,"1":1,"2":1,"3":1,"4":1,"5":1,"6":0,"7":0,"8":0,"9":0,"10":0,"11":0,"12":0,"13":0,"14":0,"15":0,"16":0,"17":0,"18":0,"19":0},"f":{"0":0,"1":0,"2":0,"3":0,"4":0},"b":{},"_coverageSchema":"1a1c01bbd47fc00a2c39e90264f33305004495a9","hash":"5dac802b52095b9ef1eb9e15f0cf37c181cd0f8e"}
}
