TN:
SF:src\controllers\conversationController.js
FN:4,(anonymous_0)
FN:45,(anonymous_1)
FN:69,(anonymous_2)
FN:79,(anonymous_3)
FN:84,(anonymous_4)
FN:89,(anonymous_5)
FN:102,(anonymous_6)
FN:121,(anonymous_7)
FN:122,(anonymous_8)
FN:142,(anonymous_9)
FN:173,(anonymous_10)
FN:180,(anonymous_11)
FN:187,(anonymous_12)
FN:245,(anonymous_13)
FN:258,(anonymous_14)
FN:269,(anonymous_15)
FN:283,(anonymous_16)
FN:283,(anonymous_17)
FN:284,(anonymous_18)
FN:290,(anonymous_19)
FN:297,(anonymous_20)
FN:306,(anonymous_21)
FN:309,(anonymous_22)
FN:320,(anonymous_23)
FN:335,(anonymous_24)
FN:338,(anonymous_25)
FN:355,(anonymous_26)
FNF:27
FNH:0
FNDA:0,(anonymous_0)
FNDA:0,(anonymous_1)
FNDA:0,(anonymous_2)
FNDA:0,(anonymous_3)
FNDA:0,(anonymous_4)
FNDA:0,(anonymous_5)
FNDA:0,(anonymous_6)
FNDA:0,(anonymous_7)
FNDA:0,(anonymous_8)
FNDA:0,(anonymous_9)
FNDA:0,(anonymous_10)
FNDA:0,(anonymous_11)
FNDA:0,(anonymous_12)
FNDA:0,(anonymous_13)
FNDA:0,(anonymous_14)
FNDA:0,(anonymous_15)
FNDA:0,(anonymous_16)
FNDA:0,(anonymous_17)
FNDA:0,(anonymous_18)
FNDA:0,(anonymous_19)
FNDA:0,(anonymous_20)
FNDA:0,(anonymous_21)
FNDA:0,(anonymous_22)
FNDA:0,(anonymous_23)
FNDA:0,(anonymous_24)
FNDA:0,(anonymous_25)
FNDA:0,(anonymous_26)
DA:4,1
DA:5,0
DA:6,0
DA:7,0
DA:9,0
DA:16,0
DA:23,0
DA:24,0
DA:26,0
DA:31,0
DA:32,0
DA:38,0
DA:42,0
DA:43,0
DA:45,0
DA:53,0
DA:56,0
DA:57,0
DA:60,0
DA:69,0
DA:76,0
DA:78,0
DA:79,0
DA:80,0
DA:84,0
DA:85,0
DA:89,0
DA:90,0
DA:93,0
DA:94,0
DA:98,0
DA:99,0
DA:102,1
DA:103,0
DA:104,0
DA:105,0
DA:121,0
DA:122,0
DA:129,0
DA:136,0
DA:138,0
DA:139,0
DA:142,1
DA:144,0
DA:145,0
DA:146,0
DA:147,0
DA:149,0
DA:150,0
DA:152,0
DA:156,0
DA:157,0
DA:158,0
DA:159,0
DA:160,0
DA:162,0
DA:163,0
DA:166,0
DA:167,0
DA:173,1
DA:174,0
DA:175,0
DA:180,0
DA:182,0
DA:183,0
DA:187,1
DA:188,0
DA:189,0
DA:190,0
DA:192,0
DA:194,0
DA:195,0
DA:198,0
DA:200,0
DA:201,0
DA:204,0
DA:205,0
DA:208,0
DA:217,0
DA:219,0
DA:233,0
DA:240,0
DA:241,0
DA:245,1
DA:246,0
DA:247,0
DA:248,0
DA:250,0
DA:251,0
DA:254,0
DA:255,0
DA:258,0
DA:259,0
DA:262,0
DA:264,0
DA:265,0
DA:269,1
DA:270,0
DA:271,0
DA:272,0
DA:273,0
DA:274,0
DA:275,0
DA:276,0
DA:278,0
DA:279,0
DA:282,0
DA:283,0
DA:284,0
DA:286,0
DA:287,0
DA:290,0
DA:292,0
DA:295,0
DA:297,0
DA:306,0
DA:307,0
DA:309,0
DA:313,0
DA:315,0
DA:316,0
DA:320,1
DA:321,0
DA:322,0
DA:323,0
DA:324,0
DA:326,0
DA:327,0
DA:330,0
DA:331,0
DA:334,0
DA:335,0
DA:337,0
DA:338,0
DA:340,0
DA:341,0
DA:345,0
DA:346,0
DA:347,0
DA:348,0
DA:349,0
DA:352,0
DA:354,0
DA:355,0
DA:356,0
DA:359,0
DA:361,0
DA:362,0
LF:148
LH:8
BRDA:9,0,0,0
BRDA:9,0,1,0
BRDA:10,1,0,0
BRDA:10,1,1,0
BRDA:10,1,2,0
BRDA:10,1,3,0
BRDA:10,1,4,0
BRDA:10,1,5,0
BRDA:23,2,0,0
BRDA:23,2,1,0
BRDA:31,3,0,0
BRDA:31,3,1,0
BRDA:42,4,0,0
BRDA:42,4,1,0
BRDA:56,5,0,0
BRDA:56,5,1,0
BRDA:69,6,0,0
BRDA:69,6,1,0
BRDA:72,7,0,0
BRDA:72,7,1,0
BRDA:78,8,0,0
BRDA:78,8,1,0
BRDA:122,9,0,0
BRDA:122,9,1,0
BRDA:125,10,0,0
BRDA:125,10,1,0
BRDA:131,11,0,0
BRDA:131,11,1,0
BRDA:146,12,0,0
BRDA:149,13,0,0
BRDA:149,13,1,0
BRDA:157,14,0,0
BRDA:157,14,1,0
BRDA:194,15,0,0
BRDA:194,15,1,0
BRDA:200,16,0,0
BRDA:200,16,1,0
BRDA:204,17,0,0
BRDA:204,17,1,0
BRDA:221,18,0,0
BRDA:221,18,1,0
BRDA:235,19,0,0
BRDA:235,19,1,0
BRDA:236,20,0,0
BRDA:236,20,1,0
BRDA:250,21,0,0
BRDA:250,21,1,0
BRDA:275,22,0,0
BRDA:275,22,1,0
BRDA:278,23,0,0
BRDA:278,23,1,0
BRDA:326,24,0,0
BRDA:326,24,1,0
BRDA:330,25,0,0
BRDA:330,25,1,0
BRDA:340,26,0,0
BRDA:340,26,1,0
BRDA:345,27,0,0
BRDA:345,27,1,0
BRF:59
BRH:0
end_of_record
TN:
SF:src\middleware\socketMiddleware.js
FN:4,(anonymous_0)
FNF:1
FNH:0
FNDA:0,(anonymous_0)
DA:4,1
DA:5,0
DA:6,0
DA:7,0
DA:8,0
DA:11,0
DA:12,0
DA:13,0
DA:16,0
DA:18,0
DA:19,0
DA:22,0
DA:24,0
DA:26,0
DA:27,0
LF:15
LH:1
BRDA:7,0,0,0
BRDA:7,0,1,0
BRDA:12,1,0,0
BRDA:12,1,1,0
BRDA:18,2,0,0
BRDA:18,2,1,0
BRF:6
BRH:0
end_of_record
TN:
SF:src\models\Conversation.js
FNF:0
FNH:0
DA:3,1
DA:20,1
DA:36,1
DA:57,1
DA:95,1
DA:100,1
LF:6
LH:6
BRF:0
BRH:0
end_of_record
TN:
SF:src\models\Message.js
FNF:0
FNH:0
DA:3,1
DA:31,1
DA:33,1
LF:3
LH:3
BRF:0
BRH:0
end_of_record
TN:
SF:src\models\User.js
FNF:0
FNH:0
DA:3,1
DA:47,1
LF:2
LH:2
BRF:0
BRH:0
end_of_record
TN:
SF:src\socket\index.js
FN:21,(anonymous_0)
FN:29,(anonymous_1)
FN:33,(anonymous_2)
FN:38,(anonymous_3)
FN:42,(anonymous_4)
FNF:5
FNH:0
FNDA:0,(anonymous_0)
FNDA:0,(anonymous_1)
FNDA:0,(anonymous_2)
FNDA:0,(anonymous_3)
FNDA:0,(anonymous_4)
DA:7,1
DA:9,1
DA:11,1
DA:17,1
DA:19,1
DA:21,1
DA:22,0
DA:23,0
DA:25,0
DA:27,0
DA:29,0
DA:30,0
DA:33,0
DA:34,0
DA:36,0
DA:38,0
DA:39,0
DA:42,0
DA:43,0
DA:44,0
LF:20
LH:6
BRF:0
BRH:0
end_of_record
